<?xml version="1.0" encoding="UTF-8"?>
<testsuite name="org.restaurant.OrderManagerTest" tests="1" skipped="0" failures="0" errors="0" timestamp="2023-01-11T13:26:36" hostname="ryuns-MacBook-Pro.local" time="0.063">
  <properties/>
  <testcase name="takeOrder()" classname="org.restaurant.OrderManagerTest" time="0.063"/>
  <system-out><![CDATA[]]></system-out>
  <system-err><![CDATA[]]></system-err>
</testsuite>
